<?xml version="1.0" encoding="UTF-8"?>
<!-- Generated by org.testng.reporters.JUnitXMLReporter -->
<testsuite ignored="5" hostname="Subhash-PC" failures="0" tests="2" name="Default test" time="7.649" errors="0" timestamp="2023-08-30T12:23:09 IST">
  <testcase classname="api.swagger.testCases.UserTestUsingTestData" name="testCreateUser" time="4.316"/>
  <testcase classname="api.swagger.testCases.UserTestUsingTestData" name="testCreateUser" time="1.709"/>
  <testcase classname="api.swagger.testCases.UserTestUsingTestData" name="testUpdateUser" time="0.0">
    <ignored/>
  </testcase> <!-- testUpdateUser -->
  <testcase classname="api.swagger.testCases.UserTestUsingTestData" name="testDeleteUser" time="0.0">
    <ignored/>
  </testcase> <!-- testDeleteUser -->
  <testcase classname="api.swagger.testCases.UserTestUsingTestData" name="testLoginUser" time="0.0">
    <ignored/>
  </testcase> <!-- testLoginUser -->
  <testcase classname="api.swagger.testCases.UserTestUsingTestData" name="testGetUser" time="0.0">
    <ignored/>
  </testcase> <!-- testGetUser -->
  <testcase classname="api.swagger.testCases.UserTestUsingTestData" name="logoutUser" time="0.0">
    <ignored/>
  </testcase> <!-- logoutUser -->
</testsuite> <!-- Default test -->
