<?xml version="1.0" encoding="UTF-8"?>
<!-- Generated by org.testng.reporters.JUnitXMLReporter -->
<testsuite ignored="0" hostname="Subhash-PC" failures="0" tests="11" name="Test" time="16.41" errors="0" timestamp="2023-08-30T14:08:34 IST">
  <testcase classname="api.swagger.testCases.UserTestUsingTestData" name="testCreateUser" time="3.071"/>
  <testcase classname="api.swagger.testCases.UserTestUsingTestData" name="testCreateUser" time="1.006"/>
  <testcase classname="api.swagger.testCases.UserTestUsingTestData" name="testGetUser" time="1.085"/>
  <testcase classname="api.swagger.testCases.UserTestUsingTestData" name="testGetUser" time="1.045"/>
  <testcase classname="api.swagger.testCases.UserTestUsingTestData" name="testUpdateUser" time="1.371"/>
  <testcase classname="api.swagger.testCases.UserTestUsingTestData" name="testUpdateUser" time="1.438"/>
  <testcase classname="api.swagger.testCases.UserTestUsingTestData" name="testLoginUser" time="1.165"/>
  <testcase classname="api.swagger.testCases.UserTestUsingTestData" name="testLoginUser" time="1.031"/>
  <testcase classname="api.swagger.testCases.UserTestUsingTestData" name="testDeleteUser" time="1.045"/>
  <testcase classname="api.swagger.testCases.UserTestUsingTestData" name="testDeleteUser" time="1.018"/>
  <testcase classname="api.swagger.testCases.UserTestUsingTestData" name="logoutUser" time="0.985"/>
</testsuite> <!-- Test -->
