<?xml version="1.0" encoding="UTF-8"?>
<!-- Generated by org.testng.reporters.JUnitXMLReporter -->
<testsuite ignored="0" hostname="Subhash-PC" failures="0" tests="11" name="Test" time="24.452" errors="0" timestamp="2023-09-03T16:38:23 IST">
  <testcase classname="api.swagger.testCases.UserTestUsingTestData" name="testCreateUser" time="5.148"/>
  <testcase classname="api.swagger.testCases.UserTestUsingTestData" name="testCreateUser" time="1.519"/>
  <testcase classname="api.swagger.testCases.UserTestUsingTestData" name="testGetUser" time="1.464"/>
  <testcase classname="api.swagger.testCases.UserTestUsingTestData" name="testGetUser" time="1.549"/>
  <testcase classname="api.swagger.testCases.UserTestUsingTestData" name="testUpdateUser" time="1.53"/>
  <testcase classname="api.swagger.testCases.UserTestUsingTestData" name="testUpdateUser" time="1.434"/>
  <testcase classname="api.swagger.testCases.UserTestUsingTestData" name="testLoginUser" time="3.098"/>
  <testcase classname="api.swagger.testCases.UserTestUsingTestData" name="testLoginUser" time="1.651"/>
  <testcase classname="api.swagger.testCases.UserTestUsingTestData" name="testDeleteUser" time="2.289"/>
  <testcase classname="api.swagger.testCases.UserTestUsingTestData" name="testDeleteUser" time="1.328"/>
  <testcase classname="api.swagger.testCases.UserTestUsingTestData" name="logoutUser" time="1.437"/>
</testsuite> <!-- Test -->
