<?xml version="1.0" encoding="UTF-8"?>
<testng-results ignored="0" total="11" passed="11" failed="0" skipped="0">
  <reporter-output>
  </reporter-output>
  <suite started-at="2023-08-30T14:08:18 IST" name="Suite" finished-at="2023-08-30T14:08:34 IST" duration-ms="16410">
    <groups>
    </groups>
    <test started-at="2023-08-30T14:08:18 IST" name="Test" finished-at="2023-08-30T14:08:34 IST" duration-ms="16410">
      <class name="api.swagger.testCases.UserTestUsingTestData">
        <test-method is-config="true" signature="logger()[pri:0, instance:api.swagger.testCases.UserTestUsingTestData@2b40ff9c]" started-at="2023-08-30T14:08:18 IST" name="logger" finished-at="2023-08-30T14:08:19 IST" duration-ms="696" status="PASS">
          <reporter-output>
          </reporter-output>
        </test-method> <!-- logger -->
        <test-method signature="testCreateUser(java.lang.String,java.lang.String,java.lang.String,java.lang.String,java.lang.String,java.lang.String,java.lang.String)[pri:1, instance:api.swagger.testCases.UserTestUsingTestData@2b40ff9c]" started-at="2023-08-30T14:08:20 IST" name="testCreateUser" data-provider="CreateUser_Data" finished-at="2023-08-30T14:08:23 IST" duration-ms="3071" status="PASS">
          <params>
            <param index="0">
              <value>
                <![CDATA[101]]>
              </value>
            </param>
            <param index="1">
              <value>
                <![CDATA[username]]>
              </value>
            </param>
            <param index="2">
              <value>
                <![CDATA[subhash]]>
              </value>
            </param>
            <param index="3">
              <value>
                <![CDATA[ingale]]>
              </value>
            </param>
            <param index="4">
              <value>
                <![CDATA[ingale.subhash@gmail.com]]>
              </value>
            </param>
            <param index="5">
              <value>
                <![CDATA[subhash9596]]>
              </value>
            </param>
            <param index="6">
              <value>
                <![CDATA[2365485654]]>
              </value>
            </param>
          </params>
          <reporter-output>
          </reporter-output>
        </test-method> <!-- testCreateUser -->
        <test-method signature="testCreateUser(java.lang.String,java.lang.String,java.lang.String,java.lang.String,java.lang.String,java.lang.String,java.lang.String)[pri:1, instance:api.swagger.testCases.UserTestUsingTestData@2b40ff9c]" started-at="2023-08-30T14:08:23 IST" name="testCreateUser" data-provider="CreateUser_Data" finished-at="2023-08-30T14:08:24 IST" duration-ms="1006" status="PASS">
          <params>
            <param index="0">
              <value>
                <![CDATA[102]]>
              </value>
            </param>
            <param index="1">
              <value>
                <![CDATA[subhashingale]]>
              </value>
            </param>
            <param index="2">
              <value>
                <![CDATA[Manish]]>
              </value>
            </param>
            <param index="3">
              <value>
                <![CDATA[Singh]]>
              </value>
            </param>
            <param index="4">
              <value>
                <![CDATA[ingale.subhash@gmail.com]]>
              </value>
            </param>
            <param index="5">
              <value>
                <![CDATA[subhash9596]]>
              </value>
            </param>
            <param index="6">
              <value>
                <![CDATA[2365485654]]>
              </value>
            </param>
          </params>
          <reporter-output>
          </reporter-output>
        </test-method> <!-- testCreateUser -->
        <test-method signature="testGetUser(java.lang.String)[pri:2, instance:api.swagger.testCases.UserTestUsingTestData@2b40ff9c]" started-at="2023-08-30T14:08:24 IST" name="testGetUser" data-provider="GetUser_Data" finished-at="2023-08-30T14:08:25 IST" duration-ms="1085" status="PASS">
          <params>
            <param index="0">
              <value>
                <![CDATA[username]]>
              </value>
            </param>
          </params>
          <reporter-output>
          </reporter-output>
        </test-method> <!-- testGetUser -->
        <test-method signature="testGetUser(java.lang.String)[pri:2, instance:api.swagger.testCases.UserTestUsingTestData@2b40ff9c]" started-at="2023-08-30T14:08:25 IST" name="testGetUser" data-provider="GetUser_Data" finished-at="2023-08-30T14:08:26 IST" duration-ms="1045" status="PASS">
          <params>
            <param index="0">
              <value>
                <![CDATA[subhashingale]]>
              </value>
            </param>
          </params>
          <reporter-output>
          </reporter-output>
        </test-method> <!-- testGetUser -->
        <test-method signature="testUpdateUser(java.lang.String)[pri:3, instance:api.swagger.testCases.UserTestUsingTestData@2b40ff9c]" started-at="2023-08-30T14:08:26 IST" name="testUpdateUser" data-provider="UpdateUser_Data" finished-at="2023-08-30T14:08:27 IST" duration-ms="1371" status="PASS">
          <params>
            <param index="0">
              <value>
                <![CDATA[Jyoti]]>
              </value>
            </param>
          </params>
          <reporter-output>
          </reporter-output>
        </test-method> <!-- testUpdateUser -->
        <test-method signature="testUpdateUser(java.lang.String)[pri:3, instance:api.swagger.testCases.UserTestUsingTestData@2b40ff9c]" started-at="2023-08-30T14:08:27 IST" name="testUpdateUser" data-provider="UpdateUser_Data" finished-at="2023-08-30T14:08:29 IST" duration-ms="1438" status="PASS">
          <params>
            <param index="0">
              <value>
                <![CDATA[Seema]]>
              </value>
            </param>
          </params>
          <reporter-output>
          </reporter-output>
        </test-method> <!-- testUpdateUser -->
        <test-method signature="testLoginUser(java.lang.String,java.lang.String)[pri:4, instance:api.swagger.testCases.UserTestUsingTestData@2b40ff9c]" started-at="2023-08-30T14:08:29 IST" name="testLoginUser" data-provider="LoginUser_Data" finished-at="2023-08-30T14:08:30 IST" duration-ms="1165" status="PASS">
          <params>
            <param index="0">
              <value>
                <![CDATA[username]]>
              </value>
            </param>
            <param index="1">
              <value>
                <![CDATA[subhash9596]]>
              </value>
            </param>
          </params>
          <reporter-output>
          </reporter-output>
        </test-method> <!-- testLoginUser -->
        <test-method signature="testLoginUser(java.lang.String,java.lang.String)[pri:4, instance:api.swagger.testCases.UserTestUsingTestData@2b40ff9c]" started-at="2023-08-30T14:08:30 IST" name="testLoginUser" data-provider="LoginUser_Data" finished-at="2023-08-30T14:08:31 IST" duration-ms="1031" status="PASS">
          <params>
            <param index="0">
              <value>
                <![CDATA[subhashingale]]>
              </value>
            </param>
            <param index="1">
              <value>
                <![CDATA[subhash9596]]>
              </value>
            </param>
          </params>
          <reporter-output>
          </reporter-output>
        </test-method> <!-- testLoginUser -->
        <test-method signature="testDeleteUser(java.lang.String)[pri:5, instance:api.swagger.testCases.UserTestUsingTestData@2b40ff9c]" started-at="2023-08-30T14:08:31 IST" name="testDeleteUser" data-provider="DeleteUser_Data" finished-at="2023-08-30T14:08:32 IST" duration-ms="1045" status="PASS">
          <params>
            <param index="0">
              <value>
                <![CDATA[username]]>
              </value>
            </param>
          </params>
          <reporter-output>
          </reporter-output>
        </test-method> <!-- testDeleteUser -->
        <test-method signature="testDeleteUser(java.lang.String)[pri:5, instance:api.swagger.testCases.UserTestUsingTestData@2b40ff9c]" started-at="2023-08-30T14:08:32 IST" name="testDeleteUser" data-provider="DeleteUser_Data" finished-at="2023-08-30T14:08:33 IST" duration-ms="1018" status="PASS">
          <params>
            <param index="0">
              <value>
                <![CDATA[subhashingale]]>
              </value>
            </param>
          </params>
          <reporter-output>
          </reporter-output>
        </test-method> <!-- testDeleteUser -->
        <test-method signature="logoutUser()[pri:6, instance:api.swagger.testCases.UserTestUsingTestData@2b40ff9c]" started-at="2023-08-30T14:08:33 IST" name="logoutUser" finished-at="2023-08-30T14:08:34 IST" duration-ms="985" status="PASS">
          <reporter-output>
          </reporter-output>
        </test-method> <!-- logoutUser -->
      </class> <!-- api.swagger.testCases.UserTestUsingTestData -->
    </test> <!-- Test -->
  </suite> <!-- Suite -->
</testng-results>
